<?xml version="1.0" encoding="UTF-8"?>
<testng-results ignored="0" total="1" passed="1" failed="0" skipped="0">
  <reporter-output>
  </reporter-output>
  <suite started-at="2024-09-10T19:19:49 IST" name="Default suite" finished-at="2024-09-10T19:20:01 IST" duration-ms="11880">
    <groups>
    </groups>
    <test started-at="2024-09-10T19:19:49 IST" name="Default test" finished-at="2024-09-10T19:20:01 IST" duration-ms="11880">
      <class name="com.jala.qa.testpages.HomeTestPage">
        <test-method is-config="true" signature="setup()[pri:0, instance:com.jala.qa.testpages.HomeTestPage@5fbdfdcf]" started-at="2024-09-10T19:19:49 IST" name="setup" finished-at="2024-09-10T19:19:59 IST" duration-ms="9433" status="PASS">
          <reporter-output>
          </reporter-output>
        </test-method> <!-- setup -->
        <test-method signature="clickOncreateTab()[pri:0, instance:com.jala.qa.testpages.HomeTestPage@5fbdfdcf]" started-at="2024-09-10T19:19:59 IST" name="clickOncreateTab" finished-at="2024-09-10T19:20:00 IST" duration-ms="1341" status="PASS">
          <reporter-output>
          </reporter-output>
        </test-method> <!-- clickOncreateTab -->
        <test-method is-config="true" signature="tearDown()[pri:0, instance:com.jala.qa.testpages.HomeTestPage@5fbdfdcf]" started-at="2024-09-10T19:20:00 IST" name="tearDown" finished-at="2024-09-10T19:20:01 IST" duration-ms="1060" status="PASS">
          <reporter-output>
          </reporter-output>
        </test-method> <!-- tearDown -->
      </class> <!-- com.jala.qa.testpages.HomeTestPage -->
    </test> <!-- Default test -->
  </suite> <!-- Default suite -->
</testng-results>
