<?xml version="1.0" encoding="UTF-8"?>
<testng-results ignored="0" total="1" passed="1" failed="0" skipped="0">
  <reporter-output>
    <line>
      <![CDATA[Home title page matched...]]>
    </line>
  </reporter-output>
  <suite started-at="2024-09-09T19:20:53 IST" name="Default suite" finished-at="2024-09-09T19:21:12 IST" duration-ms="19111">
    <groups>
    </groups>
    <test started-at="2024-09-09T19:20:53 IST" name="Default test" finished-at="2024-09-09T19:21:12 IST" duration-ms="19111">
      <class name="com.jala.qa.testpages.LoginTestPage">
        <test-method is-config="true" signature="setup()[pri:0, instance:com.jala.qa.testpages.LoginTestPage@3d6f0054]" started-at="2024-09-09T19:20:53 IST" name="setup" finished-at="2024-09-09T19:21:08 IST" duration-ms="14444" status="PASS">
          <reporter-output>
          </reporter-output>
        </test-method> <!-- setup -->
        <test-method signature="validatLoginFunctionality()[pri:0, instance:com.jala.qa.testpages.LoginTestPage@3d6f0054]" started-at="2024-09-09T19:21:08 IST" name="validatLoginFunctionality" finished-at="2024-09-09T19:21:12 IST" duration-ms="4613" status="PASS">
          <reporter-output>
            <line>
              <![CDATA[Home title page matched...]]>
            </line>
          </reporter-output>
        </test-method> <!-- validatLoginFunctionality -->
      </class> <!-- com.jala.qa.testpages.LoginTestPage -->
    </test> <!-- Default test -->
  </suite> <!-- Default suite -->
</testng-results>
